2025-05-27 23:21:20,088 - INFO - Scraping query pages... [line:39]
2025-05-27 23:21:20,088 - INFO - Scraping men - Pro Blaze; fetching query url https://www.footlocker.co.uk/en/category/men.html?query=men%3Arelevance%3AmodelKeywords%3APro%20Blaze [line:159]
2025-05-27 23:21:20,088 - INFO - Product queue worker started. [line:55]
2025-05-27 23:21:20,098 - INFO - Scraping product page https://www.footlocker.co.uk/en/product/nike-air-force-1-flyknit-2-0-menshoes/314102526804.html [line:256]
2025-05-27 23:21:20,099 - INFO - Scraping product page https://www.footlocker.co.uk/en/product/nike-air-force-1-low-menshoes/314109072604.html [line:256]
2025-05-27 23:21:20,100 - INFO - Scraping product page https://www.footlocker.co.uk/en/product/nike-air-force-1-low-menshoes/314108987604.html [line:256]
2025-05-27 23:21:20,101 - INFO - Scraping product page https://www.footlocker.co.uk/en/product/nike-air-force-1-low-menshoes/314108803504.html [line:256]
2025-05-27 23:21:20,101 - DEBUG - Fetching images from https://images.footlocker.com/is/image/FLEU/317369604063/?req=set,json&id=317369604063&handler=altset_317369604063 [line:395]
2025-05-27 23:21:20,102 - DEBUG - Fetching images from https://images.footlocker.com/is/image/FLEU/317370078970/?req=set,json&id=317370078970&handler=altset_317370078970 [line:395]
2025-05-27 23:21:20,103 - DEBUG - Fetching images from https://images.footlocker.com/is/image/FLEU/317370383820/?req=set,json&id=317370383820&handler=altset_317370383820 [line:395]
2025-05-27 23:21:20,103 - DEBUG - Fetching images from https://images.footlocker.com/is/image/FLEU/317369318180/?req=set,json&id=317369318180&handler=altset_317369318180 [line:395]
2025-05-27 23:21:21,100 - ERROR - Failed to fetch https://www.footlocker.co.uk/en/product/nike-air-force-1-low-menshoes/314108803504.html: 400 [line:259]
2025-05-27 23:21:25,420 - INFO - Added 6 product urls from https://www.footlocker.co.uk/en/category/men.html?query=men%3Arelevance%3AmodelKeywords%3APro%20Blaze [line:189]
2025-05-27 23:21:25,421 - INFO - Parsed basic information of 18 product variants from https://www.footlocker.co.uk/en/category/men.html?query=men%3Arelevance%3AmodelKeywords%3APro%20Blaze [line:196]
2025-05-27 23:21:26,178 - ERROR - Failed to fetch https://www.footlocker.co.uk/en/product/nike-air-force-1-low-menshoes/314108987604.html: 400 [line:259]
2025-05-27 23:21:26,430 - INFO - Scraping men - Megaride; fetching query url https://www.footlocker.co.uk/en/category/men.html?query=men%3Arelevance%3AmodelKeywords%3AMegaride [line:159]
2025-05-27 23:21:27,183 - INFO - Scraping product page https://www.footlocker.co.uk/en/product/nike-air-force-1-low-menshoes/314108807604.html [line:256]
2025-05-27 23:21:27,183 - INFO - Scraping product page https://www.footlocker.co.uk/en/product/nike-air-force-1-low-menshoes/314108804304.html [line:256]
2025-05-27 23:21:27,185 - INFO - Scraping product page https://www.footlocker.co.uk/en/product/nike-air-force-1-low-menshoes/314108826604.html [line:256]
2025-05-27 23:21:27,185 - INFO - Scraping product page https://www.footlocker.co.uk/en/product/jordan-brooklyn-men-hoodies/317369975221.html [line:256]
2025-05-27 23:21:27,452 - DEBUG - Fetching images from https://images.footlocker.com/is/image/FLEU/317369764528/?req=set,json&id=317369764528&handler=altset_317369764528 [line:395]
2025-05-27 23:21:27,453 - DEBUG - Fetching images from https://images.footlocker.com/is/image/FLEU/317369318180/?req=set,json&id=317369318180&handler=altset_317369318180 [line:395]
2025-05-27 23:21:27,454 - DEBUG - Fetching images from https://images.footlocker.com/is/image/FLEU/317369452662/?req=set,json&id=317369452662&handler=altset_317369452662 [line:395]
2025-05-27 23:21:27,455 - DEBUG - Fetching images from https://images.footlocker.com/is/image/FLEU/317369882040/?req=set,json&id=317369882040&handler=altset_317369882040 [line:395]
2025-05-27 23:21:30,218 - INFO - Added 7 product urls from https://www.footlocker.co.uk/en/category/men.html?query=men%3Arelevance%3AmodelKeywords%3AMegaride [line:189]
2025-05-27 23:21:30,219 - INFO - Parsed basic information of 29 product variants from https://www.footlocker.co.uk/en/category/men.html?query=men%3Arelevance%3AmodelKeywords%3AMegaride [line:196]
2025-05-27 23:21:30,733 - DEBUG - Fetching images from https://images.footlocker.com/is/image/FLEU/317371235702/?req=set,json&id=317371235702&handler=altset_317371235702 [line:395]
2025-05-27 23:21:30,733 - DEBUG - Fetching images from https://images.footlocker.com/is/image/FLEU/317344543570/?req=set,json&id=317344543570&handler=altset_317344543570 [line:395]
2025-05-27 23:21:30,735 - DEBUG - Fetching images from https://images.footlocker.com/is/image/FLEU/317370747003/?req=set,json&id=317370747003&handler=altset_317370747003 [line:395]
2025-05-27 23:21:30,735 - DEBUG - Fetching images from https://images.footlocker.com/is/image/FLEU/317370746601/?req=set,json&id=317370746601&handler=altset_317370746601 [line:395]
2025-05-27 23:21:31,218 - INFO - Scraping men - 1906R; fetching query url https://www.footlocker.co.uk/en/category/men.html?query=men%3Arelevance%3AmodelKeywords%3A1906R [line:159]
2025-05-27 23:21:31,506 - ERROR - Failed to fetch https://www.footlocker.co.uk/en/product/nike-air-force-1-low-menshoes/314108807604.html: 400 [line:259]
2025-05-27 23:21:31,745 - ERROR - Failed to fetch https://www.footlocker.co.uk/en/product/nike-air-force-1-low-menshoes/314108804304.html: 400 [line:259]
2025-05-27 23:21:32,734 - INFO - Scraping product page https://www.footlocker.co.uk/en/product/nike-club-men-hoodies/317371229803.html [line:256]
2025-05-27 23:21:32,735 - INFO - Scraping product page https://www.footlocker.co.uk/en/product/jordan-essentials-men-hoodies/317371191202.html [line:256]
2025-05-27 23:21:32,736 - INFO - Scraping product page https://www.footlocker.co.uk/en/product/nike-tech-fleece-men-hoodies/317370077170.html [line:256]
2025-05-27 23:21:32,737 - INFO - Scraping product page https://www.footlocker.co.uk/en/product/nike-tech-fleece-men-pants/317369764528.html [line:256]
2025-05-27 23:21:34,436 - DEBUG - Fetching images from https://images.footlocker.com/is/image/FLEU/317371239608/?req=set,json&id=317371239608&handler=altset_317371239608 [line:395]
2025-05-27 23:21:34,438 - DEBUG - Fetching images from https://images.footlocker.com/is/image/FLEU/317344543570/?req=set,json&id=317344543570&handler=altset_317344543570 [line:395]
2025-05-27 23:21:34,438 - DEBUG - Fetching images from https://images.footlocker.com/is/image/FLEU/317348340118/?req=set,json&id=317348340118&handler=altset_317348340118 [line:395]
2025-05-27 23:21:34,439 - DEBUG - Fetching images from https://images.footlocker.com/is/image/FLEU/317348370681/?req=set,json&id=317348370681&handler=altset_317348370681 [line:395]
2025-05-27 23:21:37,596 - DEBUG - Fetching images from https://images.footlocker.com/is/image/FLEU/317347092980/?req=set,json&id=317347092980&handler=altset_317347092980 [line:395]
2025-05-27 23:21:37,597 - DEBUG - Fetching images from https://images.footlocker.com/is/image/FLEU/317369745120/?req=set,json&id=317369745120&handler=altset_317369745120 [line:395]
2025-05-27 23:21:37,598 - DEBUG - Fetching images from https://images.footlocker.com/is/image/FLEU/317370746601/?req=set,json&id=317370746601&handler=altset_317370746601 [line:395]
2025-05-27 23:21:37,599 - DEBUG - Fetching images from https://images.footlocker.com/is/image/FLEU/317370747003/?req=set,json&id=317370747003&handler=altset_317370747003 [line:395]
2025-05-27 23:21:37,732 - INFO - Скачано 4 изображений. [line:174]
2025-05-27 23:21:38,062 - INFO - Скачано 4 изображений. [line:174]
2025-05-27 23:21:38,484 - INFO - Скачано 4 изображений. [line:174]
2025-05-27 23:21:38,625 - ERROR - Failed to fetch https://www.footlocker.co.uk/en/category/men.html?query=men%3Arelevance%3AmodelKeywords%3A1906R: 429 [line:164]
2025-05-27 23:21:38,843 - INFO - Скачано 5 изображений. [line:174]
2025-05-27 23:21:39,210 - ERROR - Failed to fetch https://www.footlocker.co.uk/en/product/jordan-essentials-men-hoodies/317371191202.html: 429 [line:259]
2025-05-27 23:21:39,608 - INFO - Scraping men - Bondi 8; fetching query url https://www.footlocker.co.uk/en/category/men.html?query=men%3Arelevance%3AmodelKeywords%3ABondi%208 [line:159]
2025-05-27 23:21:40,224 - INFO - Scraping product page https://www.footlocker.co.uk/en/product/nike-tech-fleece-men-hoodies/317369757928.html [line:256]
2025-05-27 23:21:40,225 - INFO - Scraping product page https://www.footlocker.co.uk/en/product/nike-tech-fleece-men-hoodies/317369894180.html [line:256]
2025-05-27 23:21:40,225 - INFO - Scraping product page https://www.footlocker.co.uk/en/product/nike-tech-fleece-men-hoodies/317369899279.html [line:256]
2025-05-27 23:21:40,226 - INFO - Scraping product page https://www.footlocker.co.uk/en/product/nike-tech-fleece-men-hoodies/317369760480.html [line:256]
2025-05-27 23:21:40,420 - INFO - Скачано 5 изображений. [line:174]
2025-05-27 23:21:40,983 - DEBUG - Fetching images from https://images.footlocker.com/is/image/FLEU/317371228401/?req=set,json&id=317371228401&handler=altset_317371228401 [line:395]
2025-05-27 23:21:40,984 - DEBUG - Fetching images from https://images.footlocker.com/is/image/FLEU/317371229803/?req=set,json&id=317371229803&handler=altset_317371229803 [line:395]
2025-05-27 23:21:40,985 - DEBUG - Fetching images from https://images.footlocker.com/is/image/FLEU/317371234803/?req=set,json&id=317371234803&handler=altset_317371234803 [line:395]
2025-05-27 23:21:40,985 - DEBUG - Fetching images from https://images.footlocker.com/is/image/FLEU/317371235702/?req=set,json&id=317371235702&handler=altset_317371235702 [line:395]
2025-05-27 23:21:41,172 - ERROR - Failed to fetch https://www.footlocker.co.uk/en/product/nike-tech-fleece-men-hoodies/317369760480.html: 400 [line:259]
2025-05-27 23:21:41,314 - INFO - Скачано 4 изображений. [line:174]
2025-05-27 23:21:42,611 - INFO - Скачано 4 изображений. [line:174]
2025-05-27 23:21:42,796 - INFO - Скачано 4 изображений. [line:174]
2025-05-27 23:21:43,515 - INFO - Скачано 5 изображений. [line:174]
2025-05-27 23:21:44,685 - INFO - Скачано 5 изображений. [line:174]
2025-05-27 23:21:45,320 - INFO - Скачано 4 изображений. [line:174]
2025-05-27 23:21:45,514 - INFO - Скачано 4 изображений. [line:174]
2025-05-27 23:21:46,642 - INFO - Скачано 5 изображений. [line:174]
2025-05-27 23:21:47,016 - ERROR - Failed to fetch https://www.footlocker.co.uk/en/category/men.html?query=men%3Arelevance%3AmodelKeywords%3ABondi%208: 429 [line:164]
2025-05-27 23:21:47,747 - ERROR - Failed to fetch https://www.footlocker.co.uk/en/product/nike-tech-fleece-men-hoodies/317369757928.html: 429 [line:259]
2025-05-27 23:21:47,891 - INFO - Скачано 5 изображений. [line:174]
2025-05-27 23:21:48,023 - INFO - Scraping men - T-clip; fetching query url https://www.footlocker.co.uk/en/category/men.html?query=men%3Arelevance%3AmodelKeywords%3AT-clip [line:159]
2025-05-27 23:21:48,641 - INFO - Скачано 5 изображений. [line:174]
2025-05-27 23:21:52,482 - INFO - Скачано 9 изображений. [line:174]
2025-05-27 23:21:52,686 - INFO - Скачано 5 изображений. [line:174]
2025-05-27 23:21:53,094 - DEBUG - Fetching images from https://images.footlocker.com/is/image/FLEU/317371239608/?req=set,json&id=317371239608&handler=altset_317371239608 [line:395]
2025-05-27 23:21:53,095 - DEBUG - Fetching images from https://images.footlocker.com/is/image/FLEU/317371236701/?req=set,json&id=317371236701&handler=altset_317371236701 [line:395]
2025-05-27 23:21:53,095 - DEBUG - Fetching images from https://images.footlocker.com/is/image/FLEU/317370581180/?req=set,json&id=317370581180&handler=altset_317370581180 [line:395]
2025-05-27 23:21:53,096 - DEBUG - Fetching images from https://images.footlocker.com/is/image/FLEU/317370582179/?req=set,json&id=317370582179&handler=altset_317370582179 [line:395]
2025-05-27 23:21:53,608 - INFO - Added 6 product urls from https://www.footlocker.co.uk/en/category/men.html?query=men%3Arelevance%3AmodelKeywords%3AT-clip [line:189]
2025-05-27 23:21:53,610 - INFO - Parsed basic information of 26 product variants from https://www.footlocker.co.uk/en/category/men.html?query=men%3Arelevance%3AmodelKeywords%3AT-clip [line:196]
2025-05-27 23:21:53,893 - INFO - Scraping product page https://www.footlocker.co.uk/en/product/nike-tech-fleece-men-hoodies/317369755679.html [line:256]
2025-05-27 23:21:53,894 - INFO - Scraping product page https://www.footlocker.co.uk/en/product/nike-tech-fleece-men-hoodies/317369754780.html [line:256]
2025-05-27 23:21:53,894 - INFO - Scraping product page https://www.footlocker.co.uk/en/product/nike-tech-fleece-men-pants/317369762279.html [line:256]
2025-05-27 23:21:53,895 - INFO - Scraping product page https://www.footlocker.co.uk/en/product/nike-tech-fleece-men-pants/317369761280.html [line:256]
2025-05-27 23:21:54,608 - INFO - Scraping men - THE ROGER; fetching query url https://www.footlocker.co.uk/en/category/men.html?query=men%3Arelevance%3AmodelKeywords%3ATHE%20ROGER [line:159]
2025-05-27 23:21:55,515 - INFO - Added 6 product urls from https://www.footlocker.co.uk/en/category/men.html?query=men%3Arelevance%3AmodelKeywords%3ATHE%20ROGER [line:189]
2025-05-27 23:21:55,516 - INFO - Parsed basic information of 12 product variants from https://www.footlocker.co.uk/en/category/men.html?query=men%3Arelevance%3AmodelKeywords%3ATHE%20ROGER [line:196]
2025-05-27 23:21:56,515 - INFO - Scraping men - Zion; fetching query url https://www.footlocker.co.uk/en/category/men.html?query=men%3Arelevance%3AmodelKeywords%3AZion [line:159]
2025-05-27 23:21:57,481 - INFO - Added 8 product urls from https://www.footlocker.co.uk/en/category/men.html?query=men%3Arelevance%3AmodelKeywords%3AZion [line:189]
2025-05-27 23:21:57,482 - INFO - Parsed basic information of 40 product variants from https://www.footlocker.co.uk/en/category/men.html?query=men%3Arelevance%3AmodelKeywords%3AZion [line:196]
2025-05-27 23:21:58,233 - DEBUG - Fetching images from https://images.footlocker.com/is/image/FLEU/317370583780/?req=set,json&id=317370583780&handler=altset_317370583780 [line:395]
2025-05-27 23:21:58,234 - DEBUG - Fetching images from https://images.footlocker.com/is/image/FLEU/317370584779/?req=set,json&id=317370584779&handler=altset_317370584779 [line:395]
2025-05-27 23:21:58,235 - DEBUG - Fetching images from https://images.footlocker.com/is/image/FLEU/317371305707/?req=set,json&id=317371305707&handler=altset_317371305707 [line:395]
2025-05-27 23:21:58,235 - DEBUG - Fetching images from https://images.footlocker.com/is/image/FLEU/317371229803/?req=set,json&id=317371229803&handler=altset_317371229803 [line:395]
2025-05-27 23:21:58,484 - INFO - Scraping men - 550; fetching query url https://www.footlocker.co.uk/en/category/men.html?query=men%3Arelevance%3AmodelKeywords%3A550 [line:159]
2025-05-27 23:21:58,842 - INFO - Scraping product page https://www.footlocker.co.uk/en/product/nike-tech-fleece-men-hoodies/317370378820.html [line:256]
2025-05-27 23:21:58,843 - INFO - Scraping product page https://www.footlocker.co.uk/en/product/nike-tech-fleece-men-hoodies/317369601663.html [line:256]
2025-05-27 23:21:58,844 - INFO - Scraping product page https://www.footlocker.co.uk/en/product/nike-tech-fleece-men-hoodies/317369600479.html [line:256]
2025-05-27 23:21:58,844 - INFO - Scraping product page https://www.footlocker.co.uk/en/product/nike-tech-fleece-windrunner-men-hoodies/317368738720.html [line:256]
2025-05-27 23:21:59,379 - INFO - Added 5 product urls from https://www.footlocker.co.uk/en/category/men.html?query=men%3Arelevance%3AmodelKeywords%3A550 [line:189]
2025-05-27 23:21:59,379 - INFO - Parsed basic information of 17 product variants from https://www.footlocker.co.uk/en/category/men.html?query=men%3Arelevance%3AmodelKeywords%3A550 [line:196]
2025-05-27 23:21:59,814 - ERROR - Failed to fetch https://www.footlocker.co.uk/en/product/nike-tech-fleece-men-hoodies/317369600479.html: 400 [line:259]
2025-05-27 23:22:00,385 - INFO - Scraping men - Spizike; fetching query url https://www.footlocker.co.uk/en/category/men.html?query=men%3Arelevance%3AmodelKeywords%3ASpizike [line:159]
2025-05-27 23:22:02,360 - DEBUG - Fetching images from https://images.footlocker.com/is/image/FLEU/317371236701/?req=set,json&id=317371236701&handler=altset_317371236701 [line:395]
2025-05-27 23:22:02,361 - DEBUG - Fetching images from https://images.footlocker.com/is/image/FLEU/317370582179/?req=set,json&id=317370582179&handler=altset_317370582179 [line:395]
2025-05-27 23:22:02,362 - DEBUG - Fetching images from https://images.footlocker.com/is/image/FLEU/317370583780/?req=set,json&id=317370583780&handler=altset_317370583780 [line:395]
2025-05-27 23:22:02,362 - DEBUG - Fetching images from https://images.footlocker.com/is/image/FLEU/317371305707/?req=set,json&id=317371305707&handler=altset_317371305707 [line:395]
2025-05-27 23:32:59,287 - INFO - Scraping category queries... [line:25]
2025-05-27 23:32:59,287 - INFO - Fetching https://www.footlocker.co.uk/en/category/men.html [line:114]
2025-05-27 23:32:59,970 - INFO - Found 173 queries for men [line:130]
2025-05-27 23:32:59,970 - INFO - Fetching https://www.footlocker.co.uk/en/category/women.html [line:114]
2025-05-27 23:33:00,539 - INFO - Found 112 queries for women [line:130]
2025-05-27 23:33:00,539 - INFO - Fetching https://www.footlocker.co.uk/en/category/kids.html [line:114]
2025-05-27 23:33:01,109 - INFO - Found 105 queries for kids [line:130]
2025-05-27 23:33:01,111 - INFO - Scraping query pages... [line:39]
2025-05-27 23:33:01,111 - INFO - Scraping men - fleece; fetching query url https://www.footlocker.co.uk/en/category/men.html?query=%3Arelevance%3Acollection_id%3Aall-men%3AmodelKeywords%3Afleece [line:159]
2025-05-27 23:33:01,115 - INFO - Product queue worker started. [line:55]
2025-05-27 23:33:03,568 - INFO - Added 48 product urls from https://www.footlocker.co.uk/en/category/men.html?query=%3Arelevance%3Acollection_id%3Aall-men%3AmodelKeywords%3Afleece [line:189]
2025-05-27 23:33:03,572 - INFO - Parsed basic information of 230 product variants from https://www.footlocker.co.uk/en/category/men.html?query=%3Arelevance%3Acollection_id%3Aall-men%3AmodelKeywords%3Afleece [line:196]
2025-05-27 23:33:04,131 - INFO - Scraping product page https://www.footlocker.co.uk/en/product/jordan-mj-sport-men-hoodies/317370012410.html [line:256]
2025-05-27 23:33:04,131 - INFO - Scraping product page https://www.footlocker.co.uk/en/product/jordan-brooklyn-mensweatshirts/317371372224.html [line:256]
2025-05-27 23:33:04,132 - INFO - Scraping product page https://www.footlocker.co.uk/en/product/jordan-sport-crossover-men-hoodies/317371163007.html [line:256]
2025-05-27 23:33:04,132 - INFO - Scraping product page https://www.footlocker.co.uk/en/product/jordan-brooklyn-men-pants/317369977262.html [line:256]
2025-05-27 23:33:04,578 - INFO - Scraping men - Air Max; fetching query url https://www.footlocker.co.uk/en/category/men.html?query=%3Arelevance%3Acollection_id%3Aall-men%3AmodelKeywords%3AAir%20Max [line:159]
2025-05-27 23:33:06,142 - DEBUG - Fetching images from https://images.footlocker.com/is/image/FLEU/317371372224/?req=set,json&id=317371372224&handler=altset_317371372224 [line:395]
2025-05-27 23:33:06,143 - DEBUG - Fetching images from https://images.footlocker.com/is/image/FLEU/317371172908/?req=set,json&id=317371172908&handler=altset_317371172908 [line:395]
2025-05-27 23:33:06,143 - DEBUG - Fetching images from https://images.footlocker.com/is/image/FLEU/317371372224/?req=set,json&id=317371372224&handler=altset_317371372224 [line:395]
2025-05-27 23:33:06,144 - DEBUG - Fetching images from https://images.footlocker.com/is/image/FLEU/317370012410/?req=set,json&id=317370012410&handler=altset_317370012410 [line:395]
2025-05-27 23:33:06,952 - INFO - Scraping product page https://www.footlocker.co.uk/en/product/nike-tech-fleece-men-hoodies/317370378820.html [line:256]
2025-05-27 23:33:06,952 - INFO - Scraping product page https://www.footlocker.co.uk/en/product/nike-tech-fleece-men-pants/317370383820.html [line:256]
2025-05-27 23:33:06,952 - INFO - Scraping product page https://www.footlocker.co.uk/en/product/nike-tech-fleece-men-hoodies/317370077170.html [line:256]
2025-05-27 23:33:06,952 - INFO - Scraping product page https://www.footlocker.co.uk/en/product/street-cartel-russo-men-hoodies/317369480980.html [line:256]
2025-05-27 23:33:08,422 - INFO - Added 48 product urls from https://www.footlocker.co.uk/en/category/men.html?query=%3Arelevance%3Acollection_id%3Aall-men%3AmodelKeywords%3AAir%20Max [line:189]
2025-05-27 23:33:08,425 - INFO - Parsed basic information of 243 product variants from https://www.footlocker.co.uk/en/category/men.html?query=%3Arelevance%3Acollection_id%3Aall-men%3AmodelKeywords%3AAir%20Max [line:196]
2025-05-27 23:33:08,561 - DEBUG - Fetching images from https://images.footlocker.com/is/image/FLEU/317370012410/?req=set,json&id=317370012410&handler=altset_317370012410 [line:395]
2025-05-27 23:33:08,561 - DEBUG - Fetching images from https://images.footlocker.com/is/image/FLEU/317369988180/?req=set,json&id=317369988180&handler=altset_317369988180 [line:395]
2025-05-27 23:33:08,561 - DEBUG - Fetching images from https://images.footlocker.com/is/image/FLEU/317369977262/?req=set,json&id=317369977262&handler=altset_317369977262 [line:395]
2025-05-27 23:33:08,561 - DEBUG - Fetching images from https://images.footlocker.com/is/image/FLEU/317369653379/?req=set,json&id=317369653379&handler=altset_317369653379 [line:395]
2025-05-27 23:33:09,420 - INFO - Scraping men - NBA; fetching query url https://www.footlocker.co.uk/en/category/men.html?query=%3Arelevance%3Acollection_id%3Aall-men%3AmodelKeywords%3ANBA [line:159]
2025-05-27 23:33:09,594 - INFO - Scraping product page https://www.footlocker.co.uk/en/product/nike-tech-fleece-men-hoodies/317369899279.html [line:256]
2025-05-27 23:33:09,595 - INFO - Scraping product page https://www.footlocker.co.uk/en/product/nike-tech-fleece-men-pants/317369762279.html [line:256]
2025-05-27 23:33:09,596 - INFO - Scraping product page https://www.footlocker.co.uk/en/product/nike-club-men-pants/317346343628.html [line:256]
2025-05-27 23:33:09,596 - INFO - Scraping product page https://www.footlocker.co.uk/en/product/jordan-essentials-men-pants/317371192002.html [line:256]
2025-05-27 23:33:10,629 - INFO - Added 48 product urls from https://www.footlocker.co.uk/en/category/men.html?query=%3Arelevance%3Acollection_id%3Aall-men%3AmodelKeywords%3ANBA [line:189]
2025-05-27 23:33:10,631 - INFO - Parsed basic information of 82 product variants from https://www.footlocker.co.uk/en/category/men.html?query=%3Arelevance%3Acollection_id%3Aall-men%3AmodelKeywords%3ANBA [line:196]
2025-05-27 23:33:11,624 - INFO - Scraping men - Tuned; fetching query url https://www.footlocker.co.uk/en/category/men.html?query=%3Arelevance%3Acollection_id%3Aall-men%3AmodelKeywords%3ATuned [line:159]
2025-05-27 23:33:11,932 - DEBUG - Fetching images from https://images.footlocker.com/is/image/FLEU/317369649980/?req=set,json&id=317369649980&handler=altset_317369649980 [line:395]
2025-05-27 23:33:11,932 - DEBUG - Fetching images from https://images.footlocker.com/is/image/FLEU/317369652830/?req=set,json&id=317369652830&handler=altset_317369652830 [line:395]
2025-05-27 23:33:11,932 - DEBUG - Fetching images from https://images.footlocker.com/is/image/FLEU/317369651120/?req=set,json&id=317369651120&handler=altset_317369651120 [line:395]
2025-05-27 23:33:11,932 - DEBUG - Fetching images from https://images.footlocker.com/is/image/FLEU/317369976021/?req=set,json&id=317369976021&handler=altset_317369976021 [line:395]
2025-05-27 23:33:12,484 - INFO - Scraping product page https://www.footlocker.co.uk/en/product/adidas-one-bball-sweatpants-men-pants/317369157380.html [line:256]
2025-05-27 23:33:12,485 - INFO - Scraping product page https://www.footlocker.co.uk/en/product/jordan-essentials-men-hoodies/317371191202.html [line:256]
2025-05-27 23:33:12,486 - INFO - Scraping product page https://www.footlocker.co.uk/en/product/nike-tech-fleece-menshorts/317365621479.html [line:256]
2025-05-27 23:33:12,487 - INFO - Scraping product page https://www.footlocker.co.uk/en/product/nike-tech-fleece-men-hoodies/317369754780.html [line:256]
2025-05-27 23:33:12,609 - INFO - Скачано 4 изображений. [line:174]
2025-05-27 23:33:12,639 - INFO - Скачано 4 изображений. [line:174]
2025-05-27 23:33:14,390 - DEBUG - Fetching images from https://images.footlocker.com/is/image/FLEU/317369977262/?req=set,json&id=317369977262&handler=altset_317369977262 [line:395]
2025-05-27 23:33:14,391 - DEBUG - Fetching images from https://images.footlocker.com/is/image/FLEU/317371163007/?req=set,json&id=317371163007&handler=altset_317371163007 [line:395]
2025-05-27 23:33:14,393 - DEBUG - Fetching images from https://images.footlocker.com/is/image/FLEU/317370738301/?req=set,json&id=317370738301&handler=altset_317370738301 [line:395]
2025-05-27 23:33:14,394 - DEBUG - Fetching images from https://images.footlocker.com/is/image/FLEU/317371162103/?req=set,json&id=317371162103&handler=altset_317371162103 [line:395]
2025-05-27 23:33:15,020 - INFO - Added 22 product urls from https://www.footlocker.co.uk/en/category/men.html?query=%3Arelevance%3Acollection_id%3Aall-men%3AmodelKeywords%3ATuned [line:189]
2025-05-27 23:33:15,024 - INFO - Parsed basic information of 218 product variants from https://www.footlocker.co.uk/en/category/men.html?query=%3Arelevance%3Acollection_id%3Aall-men%3AmodelKeywords%3ATuned [line:196]
2025-05-27 23:33:15,733 - INFO - Scraping product page https://www.footlocker.co.uk/en/product/nike-tech-fleece-men-hoodies/317369758126.html [line:256]
2025-05-27 23:33:15,734 - INFO - Scraping product page https://www.footlocker.co.uk/en/product/nike-tech-fleece-men-hoodies/317369755679.html [line:256]
2025-05-27 23:33:15,734 - INFO - Scraping product page https://www.footlocker.co.uk/en/product/nike-club-men-hoodies/317348370681.html [line:256]
2025-05-27 23:33:15,735 - INFO - Scraping product page https://www.footlocker.co.uk/en/product/nike-club-men-hoodies/317347092980.html [line:256]
2025-05-27 23:33:16,014 - INFO - Scraping men - Swoosh; fetching query url https://www.footlocker.co.uk/en/category/men.html?query=%3Arelevance%3Acollection_id%3Aall-men%3AmodelKeywords%3ASwoosh [line:159]
2025-05-27 23:33:18,329 - INFO - Added 48 product urls from https://www.footlocker.co.uk/en/category/men.html?query=%3Arelevance%3Acollection_id%3Aall-men%3AmodelKeywords%3ASwoosh [line:189]
2025-05-27 23:33:18,331 - INFO - Parsed basic information of 216 product variants from https://www.footlocker.co.uk/en/category/men.html?query=%3Arelevance%3Acollection_id%3Aall-men%3AmodelKeywords%3ASwoosh [line:196]
2025-05-27 23:33:19,312 - INFO - Scraping men - Flight; fetching query url https://www.footlocker.co.uk/en/category/men.html?query=%3Arelevance%3Acollection_id%3Aall-men%3AmodelKeywords%3AFlight [line:159]
2025-05-27 23:33:19,936 - INFO - Скачано 5 изображений. [line:174]
2025-05-27 23:33:21,342 - INFO - Скачано 5 изображений. [line:174]
2025-05-27 23:33:22,592 - INFO - Скачано 5 изображений. [line:174]
2025-05-27 23:33:23,776 - INFO - Added 45 product urls from https://www.footlocker.co.uk/en/category/men.html?query=%3Arelevance%3Acollection_id%3Aall-men%3AmodelKeywords%3AFlight [line:189]
2025-05-27 23:33:23,778 - INFO - Parsed basic information of 114 product variants from https://www.footlocker.co.uk/en/category/men.html?query=%3Arelevance%3Acollection_id%3Aall-men%3AmodelKeywords%3AFlight [line:196]
2025-05-27 23:33:23,936 - INFO - Скачано 9 изображений. [line:174]
2025-05-27 23:33:24,771 - INFO - Scraping men - Tech Fleece; fetching query url https://www.footlocker.co.uk/en/category/men.html?query=%3Arelevance%3Acollection_id%3Aall-men%3AmodelKeywords%3ATech%20Fleece [line:159]
2025-05-27 23:33:24,796 - INFO - Скачано 4 изображений. [line:174]
2025-05-27 23:33:27,266 - INFO - Скачано 5 изображений. [line:174]
2025-05-27 23:33:27,718 - INFO - Скачано 9 изображений. [line:174]
2025-05-27 23:33:29,482 - INFO - Скачано 5 изображений. [line:174]
2025-05-27 23:33:29,564 - INFO - Скачано 4 изображений. [line:174]
2025-05-27 23:33:30,176 - INFO - Added 34 product urls from https://www.footlocker.co.uk/en/category/men.html?query=%3Arelevance%3Acollection_id%3Aall-men%3AmodelKeywords%3ATech%20Fleece [line:189]
2025-05-27 23:33:30,179 - INFO - Parsed basic information of 212 product variants from https://www.footlocker.co.uk/en/category/men.html?query=%3Arelevance%3Acollection_id%3Aall-men%3AmodelKeywords%3ATech%20Fleece [line:196]
2025-05-27 23:33:31,172 - INFO - Scraping men - Zoom; fetching query url https://www.footlocker.co.uk/en/category/men.html?query=%3Arelevance%3Acollection_id%3Aall-men%3AmodelKeywords%3AZoom [line:159]
2025-05-27 23:33:31,639 - INFO - Скачано 5 изображений. [line:174]
2025-05-27 23:33:32,287 - INFO - Added 37 product urls from https://www.footlocker.co.uk/en/category/men.html?query=%3Arelevance%3Acollection_id%3Aall-men%3AmodelKeywords%3AZoom [line:189]
2025-05-27 23:33:32,289 - INFO - Parsed basic information of 163 product variants from https://www.footlocker.co.uk/en/category/men.html?query=%3Arelevance%3Acollection_id%3Aall-men%3AmodelKeywords%3AZoom [line:196]
2025-05-27 23:33:33,265 - INFO - Scraping men - 1 Low; fetching query url https://www.footlocker.co.uk/en/category/men.html?query=%3Arelevance%3Acollection_id%3Aall-men%3AmodelKeywords%3A1%20Low [line:159]
2025-05-27 23:33:36,301 - INFO - Added 36 product urls from https://www.footlocker.co.uk/en/category/men.html?query=%3Arelevance%3Acollection_id%3Aall-men%3AmodelKeywords%3A1%20Low [line:189]
2025-05-27 23:33:36,304 - INFO - Parsed basic information of 201 product variants from https://www.footlocker.co.uk/en/category/men.html?query=%3Arelevance%3Acollection_id%3Aall-men%3AmodelKeywords%3A1%20Low [line:196]
2025-05-27 23:33:37,062 - INFO - Скачано 5 изображений. [line:174]
2025-05-27 23:33:37,299 - INFO - Scraping men - DN; fetching query url https://www.footlocker.co.uk/en/category/men.html?query=%3Arelevance%3Acollection_id%3Aall-men%3AmodelKeywords%3ADN [line:159]
2025-05-27 23:33:38,417 - INFO - Added 22 product urls from https://www.footlocker.co.uk/en/category/men.html?query=%3Arelevance%3Acollection_id%3Aall-men%3AmodelKeywords%3ADN [line:189]
2025-05-27 23:33:38,419 - INFO - Parsed basic information of 164 product variants from https://www.footlocker.co.uk/en/category/men.html?query=%3Arelevance%3Acollection_id%3Aall-men%3AmodelKeywords%3ADN [line:196]
2025-05-27 23:34:02,816 - INFO - Scraping query pages... [line:39]
2025-05-27 23:34:02,817 - INFO - Scraping men - Dunk; fetching query url https://www.footlocker.co.uk/en/category/men.html?query=%3Arelevance%3Acollection_id%3Aall-men%3AmodelKeywords%3ADunk [line:159]
2025-05-27 23:34:02,817 - INFO - Product queue worker started. [line:55]
2025-05-27 23:34:02,819 - INFO - Scraping product page https://www.footlocker.co.uk/en/product/jordan-baseline-men-hoodies/317369978280.html [line:256]
2025-05-27 23:34:02,819 - INFO - Scraping product page https://www.footlocker.co.uk/en/product/nike-tech-fleece-men-hoodies/317369898280.html [line:256]
2025-05-27 23:34:02,820 - INFO - Scraping product page https://www.footlocker.co.uk/en/product/nike-tech-woven-men-hoodies/317369723280.html [line:256]
2025-05-27 23:34:02,820 - INFO - Scraping product page https://www.footlocker.co.uk/en/product/nike-club-full-zip-men-hoodies/317347093870.html [line:256]
2025-05-27 23:34:02,821 - DEBUG - Fetching images from https://images.footlocker.com/is/image/FLEU/317371163007/?req=set,json&id=317371163007&handler=altset_317371163007 [line:395]
2025-05-27 23:34:02,822 - DEBUG - Fetching images from https://images.footlocker.com/is/image/FLEU/317370378820/?req=set,json&id=317370378820&handler=altset_317370378820 [line:395]
2025-05-27 23:34:02,822 - DEBUG - Fetching images from https://images.footlocker.com/is/image/FLEU/317367544063/?req=set,json&id=317367544063&handler=altset_317367544063 [line:395]
2025-05-27 23:34:02,823 - DEBUG - Fetching images from https://images.footlocker.com/is/image/FLEU/317367545744/?req=set,json&id=317367545744&handler=altset_317367545744 [line:395]
2025-05-27 23:34:03,971 - INFO - Added 29 product urls from https://www.footlocker.co.uk/en/category/men.html?query=%3Arelevance%3Acollection_id%3Aall-men%3AmodelKeywords%3ADunk [line:189]
2025-05-27 23:34:03,973 - INFO - Parsed basic information of 144 product variants from https://www.footlocker.co.uk/en/category/men.html?query=%3Arelevance%3Acollection_id%3Aall-men%3AmodelKeywords%3ADunk [line:196]
2025-05-27 23:34:04,968 - INFO - Scraping men - Classic; fetching query url https://www.footlocker.co.uk/en/category/men.html?query=%3Arelevance%3Acollection_id%3Aall-men%3AmodelKeywords%3AClassic [line:159]
2025-05-27 23:34:06,358 - DEBUG - Fetching images from https://images.footlocker.com/is/image/FLEU/317367546340/?req=set,json&id=317367546340&handler=altset_317367546340 [line:395]
2025-05-27 23:34:06,359 - DEBUG - Fetching images from https://images.footlocker.com/is/image/FLEU/317368353520/?req=set,json&id=317368353520&handler=altset_317368353520 [line:395]
2025-05-27 23:34:06,360 - DEBUG - Fetching images from https://images.footlocker.com/is/image/FLEU/317368354410/?req=set,json&id=317368354410&handler=altset_317368354410 [line:395]
2025-05-27 23:34:06,361 - DEBUG - Fetching images from https://images.footlocker.com/is/image/FLEU/317370673201/?req=set,json&id=317370673201&handler=altset_317370673201 [line:395]
2025-05-27 23:34:07,108 - INFO - Added 24 product urls from https://www.footlocker.co.uk/en/category/men.html?query=%3Arelevance%3Acollection_id%3Aall-men%3AmodelKeywords%3AClassic [line:189]
2025-05-27 23:34:07,110 - INFO - Parsed basic information of 73 product variants from https://www.footlocker.co.uk/en/category/men.html?query=%3Arelevance%3Acollection_id%3Aall-men%3AmodelKeywords%3AClassic [line:196]
2025-05-27 23:34:08,109 - INFO - Scraping men - Football; fetching query url https://www.footlocker.co.uk/en/category/men.html?query=%3Arelevance%3Acollection_id%3Aall-men%3AmodelKeywords%3AFootball [line:159]
2025-05-27 23:34:09,253 - INFO - Added 21 product urls from https://www.footlocker.co.uk/en/category/men.html?query=%3Arelevance%3Acollection_id%3Aall-men%3AmodelKeywords%3AFootball [line:189]
2025-05-27 23:34:09,254 - INFO - Parsed basic information of 108 product variants from https://www.footlocker.co.uk/en/category/men.html?query=%3Arelevance%3Acollection_id%3Aall-men%3AmodelKeywords%3AFootball [line:196]
2025-05-27 23:34:10,272 - INFO - Scraping men - LeBron; fetching query url https://www.footlocker.co.uk/en/category/men.html?query=%3Arelevance%3Acollection_id%3Aall-men%3AmodelKeywords%3ALeBron [line:159]
2025-05-27 23:34:10,342 - INFO - Скачано 5 изображений. [line:174]
2025-05-27 23:34:12,303 - ERROR - Failed to fetch https://www.footlocker.co.uk/en/product/nike-tech-fleece-men-hoodies/317369898280.html: -1 [line:259]
2025-05-27 23:34:12,824 - INFO - Added 23 product urls from https://www.footlocker.co.uk/en/category/men.html?query=%3Arelevance%3Acollection_id%3Aall-men%3AmodelKeywords%3ALeBron [line:189]
2025-05-27 23:34:12,826 - INFO - Parsed basic information of 73 product variants from https://www.footlocker.co.uk/en/category/men.html?query=%3Arelevance%3Acollection_id%3Aall-men%3AmodelKeywords%3ALeBron [line:196]
2025-05-27 23:34:13,250 - INFO - Скачано 5 изображений. [line:174]
2025-05-27 23:34:13,316 - INFO - Scraping product page https://www.footlocker.co.uk/en/product/nike-tech-fleece-men-hoodies/317369757928.html [line:256]
2025-05-27 23:34:13,317 - INFO - Scraping product page https://www.footlocker.co.uk/en/product/nike-club-men-hoodies/317344543570.html [line:256]
2025-05-27 23:34:13,318 - INFO - Scraping product page https://www.footlocker.co.uk/en/product/street-cartel-russo-men-hoodies/317369481870.html [line:256]
2025-05-27 23:34:13,319 - INFO - Scraping product page https://www.footlocker.co.uk/en/product/nike-tech-fleece-men-hoodies/317370374090.html [line:256]
2025-05-27 23:34:13,814 - INFO - Scraping men - Air Force; fetching query url https://www.footlocker.co.uk/en/category/men.html?query=%3Arelevance%3Acollection_id%3Aall-men%3AmodelKeywords%3AAir%20Force [line:159]
2025-05-27 23:34:14,093 - INFO - Скачано 5 изображений. [line:174]
2025-05-27 23:34:15,177 - ERROR - Failed to fetch images: -1 [line:398]
2025-05-27 23:34:15,195 - ERROR - Failed to fetch images: -1 [line:398]
2025-05-27 23:34:15,206 - ERROR - Failed to fetch images: -1 [line:398]
2025-05-27 23:34:15,674 - INFO - Added 1 product urls from https://www.footlocker.co.uk/en/category/men.html?query=%3Arelevance%3Acollection_id%3Aall-men%3AmodelKeywords%3AAir%20Force [line:189]
2025-05-27 23:34:15,676 - INFO - Parsed basic information of 134 product variants from https://www.footlocker.co.uk/en/category/men.html?query=%3Arelevance%3Acollection_id%3Aall-men%3AmodelKeywords%3AAir%20Force [line:196]
2025-05-27 23:34:16,217 - DEBUG - Fetching images from https://images.footlocker.com/is/image/FLEU/317369755679/?req=set,json&id=317369755679&handler=altset_317369755679 [line:395]
2025-05-27 23:34:16,219 - DEBUG - Fetching images from https://images.footlocker.com/is/image/FLEU/317369754780/?req=set,json&id=317369754780&handler=altset_317369754780 [line:395]
2025-05-27 23:34:16,219 - DEBUG - Fetching images from https://images.footlocker.com/is/image/FLEU/317369601663/?req=set,json&id=317369601663&handler=altset_317369601663 [line:395]
2025-05-27 23:34:16,220 - DEBUG - Fetching images from https://images.footlocker.com/is/image/FLEU/317370077170/?req=set,json&id=317370077170&handler=altset_317370077170 [line:395]
2025-05-27 23:34:16,698 - INFO - Scraping men - Clog; fetching query url https://www.footlocker.co.uk/en/category/men.html?query=%3Arelevance%3Acollection_id%3Aall-men%3AmodelKeywords%3AClog [line:159]
2025-05-27 23:34:18,739 - INFO - Added 6 product urls from https://www.footlocker.co.uk/en/category/men.html?query=%3Arelevance%3Acollection_id%3Aall-men%3AmodelKeywords%3AClog [line:189]
2025-05-27 23:34:18,741 - INFO - Parsed basic information of 65 product variants from https://www.footlocker.co.uk/en/category/men.html?query=%3Arelevance%3Acollection_id%3Aall-men%3AmodelKeywords%3AClog [line:196]
2025-05-27 23:34:19,733 - INFO - Scraping men - Handball Spezial; fetching query url https://www.footlocker.co.uk/en/category/men.html?query=%3Arelevance%3Acollection_id%3Aall-men%3AmodelKeywords%3AHandball%20Spezial [line:159]
2025-05-27 23:34:22,026 - ERROR - Failed to fetch https://www.footlocker.co.uk/en/product/nike-club-men-hoodies/317344543570.html: -1 [line:259]
2025-05-27 23:34:22,081 - ERROR - Failed to fetch https://www.footlocker.co.uk/en/product/street-cartel-russo-men-hoodies/317369481870.html: -1 [line:259]
2025-05-27 23:34:22,260 - INFO - Added 20 product urls from https://www.footlocker.co.uk/en/category/men.html?query=%3Arelevance%3Acollection_id%3Aall-men%3AmodelKeywords%3AHandball%20Spezial [line:189]
2025-05-27 23:34:22,261 - INFO - Parsed basic information of 110 product variants from https://www.footlocker.co.uk/en/category/men.html?query=%3Arelevance%3Acollection_id%3Aall-men%3AmodelKeywords%3AHandball%20Spezial [line:196]
2025-05-27 23:34:23,065 - INFO - Scraping product page https://www.footlocker.co.uk/en/product/nike-club-mensweatshirts/317344541880.html [line:256]
2025-05-27 23:34:23,066 - INFO - Scraping product page https://www.footlocker.co.uk/en/product/adidas-essentials-men-hoodies/317369320870.html [line:256]
2025-05-27 23:34:23,066 - INFO - Scraping product page https://www.footlocker.co.uk/en/product/nike-tech-fleece-men-hoodies/317367544063.html [line:256]
2025-05-27 23:34:23,067 - INFO - Scraping product page https://www.footlocker.co.uk/en/product/nike-club-men-hoodies/317371239608.html [line:256]
2025-05-27 23:34:23,277 - INFO - Scraping men - 9060; fetching query url https://www.footlocker.co.uk/en/category/men.html?query=%3Arelevance%3Acollection_id%3Aall-men%3AmodelKeywords%3A9060 [line:159]
2025-05-27 23:34:23,596 - INFO - Скачано 5 изображений. [line:174]
2025-05-27 23:34:24,518 - INFO - Added 19 product urls from https://www.footlocker.co.uk/en/category/men.html?query=%3Arelevance%3Acollection_id%3Aall-men%3AmodelKeywords%3A9060 [line:189]
2025-05-27 23:34:24,520 - INFO - Parsed basic information of 104 product variants from https://www.footlocker.co.uk/en/category/men.html?query=%3Arelevance%3Acollection_id%3Aall-men%3AmodelKeywords%3A9060 [line:196]
2025-05-27 23:34:25,091 - ERROR - Failed to fetch images: -1 [line:398]
2025-05-27 23:34:25,095 - ERROR - Failed to fetch images: -1 [line:398]
2025-05-27 23:34:25,515 - INFO - Scraping men - Vomero; fetching query url https://www.footlocker.co.uk/en/category/men.html?query=%3Arelevance%3Acollection_id%3Aall-men%3AmodelKeywords%3AVomero [line:159]
2025-05-27 23:34:26,110 - DEBUG - Fetching images from https://images.footlocker.com/is/image/FLEU/317369758126/?req=set,json&id=317369758126&handler=altset_317369758126 [line:395]
2025-05-27 23:34:26,110 - DEBUG - Fetching images from https://images.footlocker.com/is/image/FLEU/317369899279/?req=set,json&id=317369899279&handler=altset_317369899279 [line:395]
2025-05-27 23:34:26,112 - DEBUG - Fetching images from https://images.footlocker.com/is/image/FLEU/317369898280/?req=set,json&id=317369898280&handler=altset_317369898280 [line:395]
2025-05-27 23:34:26,112 - DEBUG - Fetching images from https://images.footlocker.com/is/image/FLEU/317370374090/?req=set,json&id=317370374090&handler=altset_317370374090 [line:395]
2025-05-27 23:34:26,568 - INFO - Added 0 product urls from https://www.footlocker.co.uk/en/category/men.html?query=%3Arelevance%3Acollection_id%3Aall-men%3AmodelKeywords%3AVomero [line:189]
2025-05-27 23:34:26,570 - INFO - Parsed basic information of 92 product variants from https://www.footlocker.co.uk/en/category/men.html?query=%3Arelevance%3Acollection_id%3Aall-men%3AmodelKeywords%3AVomero [line:196]
2025-05-27 23:34:27,312 - INFO - Скачано 5 изображений. [line:174]
2025-05-27 23:34:27,561 - INFO - Scraping men - Shox; fetching query url https://www.footlocker.co.uk/en/category/men.html?query=%3Arelevance%3Acollection_id%3Aall-men%3AmodelKeywords%3AShox [line:159]
2025-05-27 23:34:27,661 - INFO - Скачано 4 изображений. [line:174]
2025-05-27 23:34:28,071 - INFO - Скачано 5 изображений. [line:174]
2025-05-27 23:34:28,530 - INFO - Added 18 product urls from https://www.footlocker.co.uk/en/category/men.html?query=%3Arelevance%3Acollection_id%3Aall-men%3AmodelKeywords%3AShox [line:189]
2025-05-27 23:34:28,533 - INFO - Parsed basic information of 100 product variants from https://www.footlocker.co.uk/en/category/men.html?query=%3Arelevance%3Acollection_id%3Aall-men%3AmodelKeywords%3AShox [line:196]
2025-05-27 23:34:29,543 - INFO - Scraping men - Gazelle; fetching query url https://www.footlocker.co.uk/en/category/men.html?query=%3Arelevance%3Acollection_id%3Aall-men%3AmodelKeywords%3AGazelle [line:159]
2025-05-27 23:34:31,615 - INFO - Added 17 product urls from https://www.footlocker.co.uk/en/category/men.html?query=%3Arelevance%3Acollection_id%3Aall-men%3AmodelKeywords%3AGazelle [line:189]
2025-05-27 23:34:31,617 - INFO - Parsed basic information of 75 product variants from https://www.footlocker.co.uk/en/category/men.html?query=%3Arelevance%3Acollection_id%3Aall-men%3AmodelKeywords%3AGazelle [line:196]
2025-05-27 23:34:31,761 - ERROR - Failed to fetch https://www.footlocker.co.uk/en/product/nike-club-mensweatshirts/317344541880.html: -1 [line:259]
2025-05-27 23:34:31,763 - ERROR - Failed to fetch https://www.footlocker.co.uk/en/product/nike-club-men-hoodies/317371239608.html: -1 [line:259]
2025-05-27 23:34:31,771 - ERROR - Failed to fetch https://www.footlocker.co.uk/en/product/adidas-essentials-men-hoodies/317369320870.html: -1 [line:259]
2025-05-27 23:34:31,813 - DEBUG - Fetching images from https://images.footlocker.com/is/image/FLEU/317369757928/?req=set,json&id=317369757928&handler=altset_317369757928 [line:395]
2025-05-27 23:34:31,813 - DEBUG - Fetching images from https://images.footlocker.com/is/image/FLEU/317369894180/?req=set,json&id=317369894180&handler=altset_317369894180 [line:395]
2025-05-27 23:34:31,815 - DEBUG - Fetching images from https://images.footlocker.com/is/image/FLEU/317370377390/?req=set,json&id=317370377390&handler=altset_317370377390 [line:395]
2025-05-27 23:34:31,815 - DEBUG - Fetching images from https://images.footlocker.com/is/image/FLEU/317370378820/?req=set,json&id=317370378820&handler=altset_317370378820 [line:395]
2025-05-27 23:34:32,016 - INFO - Скачано 1 изображений. [line:174]
2025-05-27 23:34:32,611 - INFO - Scraping men - Superstar; fetching query url https://www.footlocker.co.uk/en/category/men.html?query=%3Arelevance%3Acollection_id%3Aall-men%3AmodelKeywords%3ASuperstar [line:159]
2025-05-27 23:34:32,769 - INFO - Scraping product page https://www.footlocker.co.uk/en/product/nike-club-mensweatshirts/317344542770.html [line:256]
2025-05-27 23:34:32,770 - INFO - Scraping product page https://www.footlocker.co.uk/en/product/nike-tech-woven-men-hoodies/317369722840.html [line:256]
2025-05-27 23:34:32,770 - INFO - Scraping product page https://www.footlocker.co.uk/en/product/jordan-brooklyn-men-hoodies/317369646030.html [line:256]
2025-05-27 23:34:32,771 - INFO - Scraping product page https://www.footlocker.co.uk/en/product/nike-tech-fleece-men-hoodies/317369601663.html [line:256]
2025-05-27 23:34:34,747 - INFO - Added 17 product urls from https://www.footlocker.co.uk/en/category/men.html?query=%3Arelevance%3Acollection_id%3Aall-men%3AmodelKeywords%3ASuperstar [line:189]
2025-05-27 23:34:34,748 - INFO - Parsed basic information of 94 product variants from https://www.footlocker.co.uk/en/category/men.html?query=%3Arelevance%3Acollection_id%3Aall-men%3AmodelKeywords%3ASuperstar [line:196]
2025-05-27 23:34:35,735 - INFO - Scraping men - Kobe; fetching query url https://www.footlocker.co.uk/en/category/men.html?query=%3Arelevance%3Acollection_id%3Aall-men%3AmodelKeywords%3AKobe [line:159]
2025-05-27 23:34:38,587 - INFO - Added 17 product urls from https://www.footlocker.co.uk/en/category/men.html?query=%3Arelevance%3Acollection_id%3Aall-men%3AmodelKeywords%3AKobe [line:189]
2025-05-27 23:34:38,588 - INFO - Parsed basic information of 53 product variants from https://www.footlocker.co.uk/en/category/men.html?query=%3Arelevance%3Acollection_id%3Aall-men%3AmodelKeywords%3AKobe [line:196]
2025-05-27 23:34:39,598 - INFO - Scraping men - Samba; fetching query url https://www.footlocker.co.uk/en/category/men.html?query=%3Arelevance%3Acollection_id%3Aall-men%3AmodelKeywords%3ASamba [line:159]
2025-05-27 23:34:40,516 - ERROR - Failed to fetch images: -1 [line:398]
2025-05-27 23:34:41,109 - INFO - Скачано 4 изображений. [line:174]
2025-05-27 23:34:41,514 - DEBUG - Fetching images from https://images.footlocker.com/is/image/FLEU/317369480980/?req=set,json&id=317369480980&handler=altset_317369480980 [line:395]
2025-05-27 23:34:41,516 - DEBUG - Fetching images from https://images.footlocker.com/is/image/FLEU/317369480980/?req=set,json&id=317369480980&handler=altset_317369480980 [line:395]
2025-05-27 23:34:41,516 - DEBUG - Fetching images from https://images.footlocker.com/is/image/FLEU/317369481870/?req=set,json&id=317369481870&handler=altset_317369481870 [line:395]
2025-05-27 23:34:41,518 - DEBUG - Fetching images from https://images.footlocker.com/is/image/FLEU/317369489080/?req=set,json&id=317369489080&handler=altset_317369489080 [line:395]
2025-05-27 23:34:41,873 - ERROR - Failed to fetch https://www.footlocker.co.uk/en/product/nike-tech-fleece-men-hoodies/317369601663.html: -1 [line:259]
2025-05-27 23:34:42,861 - INFO - Scraping product page https://www.footlocker.co.uk/en/product/nike-club-men-hoodies/317369745120.html [line:256]
2025-05-27 23:34:42,861 - INFO - Scraping product page https://www.footlocker.co.uk/en/product/nike-tech-fleece-windrunner-men-hoodies/317368738720.html [line:256]
2025-05-27 23:34:42,862 - INFO - Scraping product page https://www.footlocker.co.uk/en/product/nike-club-fleece-men-hoodies/317348580280.html [line:256]
2025-05-27 23:34:42,863 - INFO - Scraping product page https://www.footlocker.co.uk/en/product/adidas-essentials-men-hoodies/317369877680.html [line:256]
2025-05-27 23:34:44,842 - DEBUG - Fetching images from https://images.footlocker.com/is/image/FLEU/317370077170/?req=set,json&id=317370077170&handler=altset_317370077170 [line:395]
2025-05-27 23:34:44,843 - DEBUG - Fetching images from https://images.footlocker.com/is/image/FLEU/317367544063/?req=set,json&id=317367544063&handler=altset_317367544063 [line:395]
2025-05-27 23:34:44,844 - DEBUG - Fetching images from https://images.footlocker.com/is/image/FLEU/317367545744/?req=set,json&id=317367545744&handler=altset_317367545744 [line:395]
2025-05-27 23:34:44,844 - DEBUG - Fetching images from https://images.footlocker.com/is/image/FLEU/317367546340/?req=set,json&id=317367546340&handler=altset_317367546340 [line:395]
2025-05-27 23:34:45,858 - INFO - Скачано 5 изображений. [line:174]
2025-05-27 23:34:46,514 - INFO - Scraping product page https://www.footlocker.co.uk/en/product/nike-club-men-hoodies/317371235702.html [line:256]
2025-05-27 23:34:46,515 - INFO - Scraping product page https://www.footlocker.co.uk/en/product/nike-club-men-hoodies/317371236701.html [line:256]
2025-05-27 23:34:46,516 - INFO - Scraping product page https://www.footlocker.co.uk/en/product/montcrux-athabaska-men-hoodies/317369699480.html [line:256]
2025-05-27 23:34:46,517 - INFO - Scraping product page https://www.footlocker.co.uk/en/product/jordan-brooklyn-men-hoodies/317369975221.html [line:256]
2025-05-27 23:34:47,195 - INFO - Added 16 product urls from https://www.footlocker.co.uk/en/category/men.html?query=%3Arelevance%3Acollection_id%3Aall-men%3AmodelKeywords%3ASamba [line:189]
2025-05-27 23:34:47,196 - INFO - Parsed basic information of 56 product variants from https://www.footlocker.co.uk/en/category/men.html?query=%3Arelevance%3Acollection_id%3Aall-men%3AmodelKeywords%3ASamba [line:196]
2025-05-27 23:34:47,686 - INFO - Скачано 5 изображений. [line:174]
2025-05-27 23:34:47,767 - DEBUG - Fetching images from https://images.footlocker.com/is/image/FLEU/317368353520/?req=set,json&id=317368353520&handler=altset_317368353520 [line:395]
2025-05-27 23:34:47,768 - DEBUG - Fetching images from https://images.footlocker.com/is/image/FLEU/317368354410/?req=set,json&id=317368354410&handler=altset_317368354410 [line:395]
2025-05-27 23:34:47,768 - DEBUG - Fetching images from https://images.footlocker.com/is/image/FLEU/317370673201/?req=set,json&id=317370673201&handler=altset_317370673201 [line:395]
2025-05-27 23:34:47,769 - DEBUG - Fetching images from https://images.footlocker.com/is/image/FLEU/317369755679/?req=set,json&id=317369755679&handler=altset_317369755679 [line:395]
2025-05-27 23:34:48,186 - INFO - Scraping men - Suede; fetching query url https://www.footlocker.co.uk/en/category/men.html?query=%3Arelevance%3Acollection_id%3Aall-men%3AmodelKeywords%3ASuede [line:159]
2025-05-27 23:34:48,593 - INFO - Скачано 5 изображений. [line:174]
2025-05-27 23:34:50,013 - INFO - Скачано 5 изображений. [line:174]
2025-05-27 23:34:50,014 - INFO - Скачано 5 изображений. [line:174]
2025-05-27 23:34:50,608 - INFO - Скачано 5 изображений. [line:174]
2025-05-27 23:34:50,984 - INFO - Скачано 5 изображений. [line:174]
2025-05-27 23:34:51,141 - INFO - Скачано 5 изображений. [line:174]
2025-05-27 23:34:51,235 - INFO - Скачано 5 изображений. [line:174]
2025-05-27 23:34:52,172 - INFO - Added 16 product urls from https://www.footlocker.co.uk/en/category/men.html?query=%3Arelevance%3Acollection_id%3Aall-men%3AmodelKeywords%3ASuede [line:189]
2025-05-27 23:34:52,173 - INFO - Parsed basic information of 50 product variants from https://www.footlocker.co.uk/en/category/men.html?query=%3Arelevance%3Acollection_id%3Aall-men%3AmodelKeywords%3ASuede [line:196]
2025-05-27 23:34:52,594 - INFO - Scraping product page https://www.footlocker.co.uk/en/product/adidas-future-utility-men-hoodies/317369309080.html [line:256]
2025-05-27 23:34:52,595 - INFO - Scraping product page https://www.footlocker.co.uk/en/product/montcrux-athabaska-men-hoodies/317369700080.html [line:256]
2025-05-27 23:34:52,596 - INFO - Scraping product page https://www.footlocker.co.uk/en/product/nike-repeat-men-hoodies/317369771180.html [line:256]
2025-05-27 23:34:52,598 - INFO - Scraping product page https://www.footlocker.co.uk/en/product/nike-club-mensweatshirts/317369052149.html [line:256]
2025-05-27 23:34:53,172 - INFO - Scraping men - Cloud; fetching query url https://www.footlocker.co.uk/en/category/men.html?query=%3Arelevance%3Acollection_id%3Aall-men%3AmodelKeywords%3ACloud [line:159]
2025-05-27 23:34:54,111 - DEBUG - Fetching images from https://images.footlocker.com/is/image/FLEU/317369754780/?req=set,json&id=317369754780&handler=altset_317369754780 [line:395]
2025-05-27 23:34:54,112 - DEBUG - Fetching images from https://images.footlocker.com/is/image/FLEU/317369601663/?req=set,json&id=317369601663&handler=altset_317369601663 [line:395]
2025-05-27 23:34:54,113 - DEBUG - Fetching images from https://images.footlocker.com/is/image/FLEU/317370077170/?req=set,json&id=317370077170&handler=altset_317370077170 [line:395]
2025-05-27 23:34:54,113 - DEBUG - Fetching images from https://images.footlocker.com/is/image/FLEU/317369758126/?req=set,json&id=317369758126&handler=altset_317369758126 [line:395]
2025-05-27 23:34:54,734 - INFO - Скачано 5 изображений. [line:174]
2025-05-27 23:34:55,639 - INFO - Скачано 5 изображений. [line:174]
2025-05-27 23:34:56,406 - INFO - Скачано 5 изображений. [line:174]
2025-05-27 23:34:56,688 - INFO - Скачано 4 изображений. [line:174]
2025-05-27 23:34:56,795 - INFO - Scraping product page https://www.footlocker.co.uk/en/product/nike-air-max-tuned-1-menshoes/314216862004.html [line:256]
2025-05-27 23:34:56,796 - INFO - Scraping product page https://www.footlocker.co.uk/en/product/nike-air-max-tuned-1-menshoes/314210060704.html [line:256]
2025-05-27 23:34:56,796 - INFO - Scraping product page https://www.footlocker.co.uk/en/product/nike-air-max-tuned-1-menshoes/314217342204.html [line:256]
2025-05-27 23:34:56,796 - INFO - Scraping product page https://www.footlocker.co.uk/en/product/nike-air-max-tuned-1-menshoes/314210129004.html [line:256]
2025-05-27 23:34:56,858 - DEBUG - Fetching images from https://images.footlocker.com/is/image/FLEU/317369899279/?req=set,json&id=317369899279&handler=altset_317369899279 [line:395]
2025-05-27 23:34:56,860 - DEBUG - Fetching images from https://images.footlocker.com/is/image/FLEU/317369898280/?req=set,json&id=317369898280&handler=altset_317369898280 [line:395]
2025-05-27 23:34:56,860 - DEBUG - Fetching images from https://images.footlocker.com/is/image/FLEU/317370374090/?req=set,json&id=317370374090&handler=altset_317370374090 [line:395]
2025-05-27 23:34:56,861 - DEBUG - Fetching images from https://images.footlocker.com/is/image/FLEU/317369757928/?req=set,json&id=317369757928&handler=altset_317369757928 [line:395]
2025-05-27 23:34:57,083 - INFO - Added 15 product urls from https://www.footlocker.co.uk/en/category/men.html?query=%3Arelevance%3Acollection_id%3Aall-men%3AmodelKeywords%3ACloud [line:189]
2025-05-27 23:34:57,084 - INFO - Parsed basic information of 64 product variants from https://www.footlocker.co.uk/en/category/men.html?query=%3Arelevance%3Acollection_id%3Aall-men%3AmodelKeywords%3ACloud [line:196]
2025-05-27 23:34:57,301 - INFO - Скачано 5 изображений. [line:174]
2025-05-27 23:34:58,063 - INFO - Scraping men - Firebird; fetching query url https://www.footlocker.co.uk/en/category/men.html?query=%3Arelevance%3Acollection_id%3Aall-men%3AmodelKeywords%3AFirebird [line:159]
2025-05-27 23:34:59,298 - INFO - Added 15 product urls from https://www.footlocker.co.uk/en/category/men.html?query=%3Arelevance%3Acollection_id%3Aall-men%3AmodelKeywords%3AFirebird [line:189]
2025-05-27 23:34:59,299 - INFO - Parsed basic information of 75 product variants from https://www.footlocker.co.uk/en/category/men.html?query=%3Arelevance%3Acollection_id%3Aall-men%3AmodelKeywords%3AFirebird [line:196]
2025-05-27 23:34:59,640 - INFO - Скачано 1 изображений. [line:174]
2025-05-27 23:35:00,180 - DEBUG - Fetching images from https://images.footlocker.com/is/image/FLEU/317369894180/?req=set,json&id=317369894180&handler=altset_317369894180 [line:395]
2025-05-27 23:35:00,181 - DEBUG - Fetching images from https://images.footlocker.com/is/image/FLEU/317370377390/?req=set,json&id=317370377390&handler=altset_317370377390 [line:395]
2025-05-27 23:35:00,182 - DEBUG - Fetching images from https://images.footlocker.com/is/image/FLEU/317370378820/?req=set,json&id=317370378820&handler=altset_317370378820 [line:395]
2025-05-27 23:35:00,183 - DEBUG - Fetching images from https://images.footlocker.com/is/image/FLEU/317370383820/?req=set,json&id=317370383820&handler=altset_317370383820 [line:395]
2025-05-27 23:35:00,302 - INFO - Scraping men - Air Max 90; fetching query url https://www.footlocker.co.uk/en/category/men.html?query=%3Arelevance%3Acollection_id%3Aall-men%3AmodelKeywords%3AAir%20Max%2090 [line:159]
2025-05-27 23:35:00,425 - INFO - Scraping product page https://www.footlocker.co.uk/en/product/nike-air-max-tuned-1-menshoes/314217340604.html [line:256]
2025-05-27 23:35:00,426 - INFO - Scraping product page https://www.footlocker.co.uk/en/product/nike-air-max-tuned-1-menshoes/314210082104.html [line:256]
2025-05-27 23:35:00,426 - INFO - Scraping product page https://www.footlocker.co.uk/en/product/nike-air-max-tuned-1-menshoes/314217224204.html [line:256]
2025-05-27 23:35:00,427 - INFO - Scraping product page https://www.footlocker.co.uk/en/product/nike-air-max-dn8-menshoes/314210767704.html [line:256]
2025-05-27 23:35:01,216 - INFO - Added 9 product urls from https://www.footlocker.co.uk/en/category/men.html?query=%3Arelevance%3Acollection_id%3Aall-men%3AmodelKeywords%3AAir%20Max%2090 [line:189]
2025-05-27 23:35:01,218 - INFO - Parsed basic information of 63 product variants from https://www.footlocker.co.uk/en/category/men.html?query=%3Arelevance%3Acollection_id%3Aall-men%3AmodelKeywords%3AAir%20Max%2090 [line:196]
2025-05-27 23:35:01,421 - INFO - Скачано 4 изображений. [line:174]
2025-05-27 23:35:02,218 - INFO - Scraping men - QUANTUM; fetching query url https://www.footlocker.co.uk/en/category/men.html?query=%3Arelevance%3Acollection_id%3Aall-men%3AmodelKeywords%3AQUANTUM [line:159]
2025-05-27 23:35:03,138 - INFO - Скачано 4 изображений. [line:174]
2025-05-27 23:35:04,444 - DEBUG - Fetching images from https://images.footlocker.com/is/image/FLEU/317365294079/?req=set,json&id=317365294079&handler=altset_317365294079 [line:395]
2025-05-27 23:35:04,445 - DEBUG - Fetching images from https://images.footlocker.com/is/image/FLEU/317367538263/?req=set,json&id=317367538263&handler=altset_317367538263 [line:395]
2025-05-27 23:35:04,446 - DEBUG - Fetching images from https://images.footlocker.com/is/image/FLEU/317367540640/?req=set,json&id=317367540640&handler=altset_317367540640 [line:395]
2025-05-27 23:35:04,446 - DEBUG - Fetching images from https://images.footlocker.com/is/image/FLEU/317367541862/?req=set,json&id=317367541862&handler=altset_317367541862 [line:395]
2025-05-27 23:35:04,592 - INFO - Scraping product page https://www.footlocker.co.uk/en/product/nike-air-max-tuned-1-menshoes/314206535404.html [line:256]
2025-05-27 23:35:04,593 - INFO - Scraping product page https://www.footlocker.co.uk/en/product/nike-air-max-tuned-1-menshoes/314206116304.html [line:256]
2025-05-27 23:35:04,594 - INFO - Scraping product page https://www.footlocker.co.uk/en/product/nike-air-max-90-menshoes/314206401904.html [line:256]
2025-05-27 23:35:04,594 - INFO - Scraping product page https://www.footlocker.co.uk/en/product/nike-air-max-tuned-3-menshoes/314217365304.html [line:256]
2025-05-27 23:35:07,197 - INFO - Added 14 product urls from https://www.footlocker.co.uk/en/category/men.html?query=%3Arelevance%3Acollection_id%3Aall-men%3AmodelKeywords%3AQUANTUM [line:189]
2025-05-27 23:35:07,198 - INFO - Parsed basic information of 48 product variants from https://www.footlocker.co.uk/en/category/men.html?query=%3Arelevance%3Acollection_id%3Aall-men%3AmodelKeywords%3AQUANTUM [line:196]
2025-05-27 23:35:07,343 - DEBUG - Fetching images from https://images.footlocker.com/is/image/FLEU/317369761280/?req=set,json&id=317369761280&handler=altset_317369761280 [line:395]
2025-05-27 23:35:07,343 - DEBUG - Fetching images from https://images.footlocker.com/is/image/FLEU/317369762279/?req=set,json&id=317369762279&handler=altset_317369762279 [line:395]
2025-05-27 23:35:07,344 - DEBUG - Fetching images from https://images.footlocker.com/is/image/FLEU/317369604063/?req=set,json&id=317369604063&handler=altset_317369604063 [line:395]
2025-05-27 23:35:07,345 - DEBUG - Fetching images from https://images.footlocker.com/is/image/FLEU/317369765626/?req=set,json&id=317369765626&handler=altset_317369765626 [line:395]
2025-05-27 23:37:44,900 - INFO - Scraping query pages... [line:39]
2025-05-27 23:37:44,901 - INFO - Scraping men - GEL-QUANTUM; fetching query url https://www.footlocker.co.uk/en/category/men.html?query=%3Arelevance%3Acollection_id%3Aall-men%3AmodelKeywords%3AGEL-QUANTUM [line:159]
2025-05-27 23:37:44,902 - INFO - Product queue worker started. [line:55]
2025-05-27 23:37:44,903 - INFO - Scraping product page https://www.footlocker.co.uk/en/product/nike-air-max-90-menshoes/314217203604.html [line:256]
2025-05-27 23:37:44,904 - INFO - Scraping product page https://www.footlocker.co.uk/en/product/nike-air-max-tuned-1-menshoes/314210179504.html [line:256]
2025-05-27 23:37:44,904 - INFO - Scraping product page https://www.footlocker.co.uk/en/product/nike-air-max-tuned-1-menshoes/314217016204.html [line:256]
2025-05-27 23:37:44,905 - INFO - Scraping product page https://www.footlocker.co.uk/en/product/nike-air-max-dn-menshoes/314216668104.html [line:256]
2025-05-27 23:37:44,907 - DEBUG - Fetching images from https://images.footlocker.com/is/image/FLEU/317370078970/?req=set,json&id=317370078970&handler=altset_317370078970 [line:395]
2025-05-27 23:37:44,907 - DEBUG - Fetching images from https://images.footlocker.com/is/image/FLEU/317369941620/?req=set,json&id=317369941620&handler=altset_317369941620 [line:395]
2025-05-27 23:37:44,908 - DEBUG - Fetching images from https://images.footlocker.com/is/image/FLEU/317369937079/?req=set,json&id=317369937079&handler=altset_317369937079 [line:395]
2025-05-27 23:37:44,908 - DEBUG - Fetching images from https://images.footlocker.com/is/image/FLEU/317370380790/?req=set,json&id=317370380790&handler=altset_317370380790 [line:395]
2025-05-27 23:37:48,790 - INFO - Added 0 product urls from https://www.footlocker.co.uk/en/category/men.html?query=%3Arelevance%3Acollection_id%3Aall-men%3AmodelKeywords%3AGEL-QUANTUM [line:189]
2025-05-27 23:37:48,792 - INFO - Parsed basic information of 47 product variants from https://www.footlocker.co.uk/en/category/men.html?query=%3Arelevance%3Acollection_id%3Aall-men%3AmodelKeywords%3AGEL-QUANTUM [line:196]
2025-05-27 23:37:49,772 - INFO - Scraping men - Freak; fetching query url https://www.footlocker.co.uk/en/category/men.html?query=%3Arelevance%3Acollection_id%3Aall-men%3AmodelKeywords%3AFreak [line:159]
2025-05-27 23:37:53,141 - DEBUG - Fetching images from https://images.footlocker.com/is/image/FLEU/317369764528/?req=set,json&id=317369764528&handler=altset_317369764528 [line:395]
2025-05-27 23:37:53,143 - DEBUG - Fetching images from https://images.footlocker.com/is/image/FLEU/317370384710/?req=set,json&id=317370384710&handler=altset_317370384710 [line:395]
2025-05-27 23:37:53,143 - DEBUG - Fetching images from https://images.footlocker.com/is/image/FLEU/317370383820/?req=set,json&id=317370383820&handler=altset_317370383820 [line:395]
2025-05-27 23:37:53,144 - DEBUG - Fetching images from https://images.footlocker.com/is/image/FLEU/317370382390/?req=set,json&id=317370382390&handler=altset_317370382390 [line:395]
2025-05-27 23:37:53,483 - INFO - Scraping product page https://www.footlocker.co.uk/en/product/nike-air-max-tuned-3-menshoes/314207700304.html [line:256]
2025-05-27 23:37:53,484 - INFO - Scraping product page https://www.footlocker.co.uk/en/product/nike-air-max-tuned-1-menshoes/314217009704.html [line:256]
2025-05-27 23:37:53,484 - INFO - Scraping product page https://www.footlocker.co.uk/en/product/nike-air-max-dn-menshoes/314210647104.html [line:256]
2025-05-27 23:37:53,485 - INFO - Scraping product page https://www.footlocker.co.uk/en/product/nike-air-max-tuned-1-drift-menshoes/314216659004.html [line:256]
2025-05-27 23:37:53,952 - INFO - Added 2 product urls from https://www.footlocker.co.uk/en/category/men.html?query=%3Arelevance%3Acollection_id%3Aall-men%3AmodelKeywords%3AFreak [line:189]
2025-05-27 23:37:53,954 - INFO - Parsed basic information of 60 product variants from https://www.footlocker.co.uk/en/category/men.html?query=%3Arelevance%3Acollection_id%3Aall-men%3AmodelKeywords%3AFreak [line:196]
2025-05-27 23:37:54,940 - INFO - Scraping men - Melo; fetching query url https://www.footlocker.co.uk/en/category/men.html?query=%3Arelevance%3Acollection_id%3Aall-men%3AmodelKeywords%3AMelo [line:159]
2025-05-27 23:37:56,359 - INFO - Scraping product page https://www.footlocker.co.uk/en/product/nike-air-max-tuned-1-utility-menshoes/314216997404.html [line:256]
2025-05-27 23:37:56,359 - INFO - Scraping product page https://www.footlocker.co.uk/en/product/nike-air-max-dn-menshoes/314210747904.html [line:256]
2025-05-27 23:37:56,360 - INFO - Scraping product page https://www.footlocker.co.uk/en/product/nike-air-max-tuned-1-menshoes/314216772104.html [line:256]
2025-05-27 23:37:56,360 - INFO - Scraping product page https://www.footlocker.co.uk/en/product/nike-air-max-tuned-1-utility-menshoes/314210656204.html [line:256]
2025-05-27 23:37:57,094 - DEBUG - Fetching images from https://images.footlocker.com/is/image/FLEU/317370381040/?req=set,json&id=317370381040&handler=altset_317370381040 [line:395]
2025-05-27 23:37:57,095 - DEBUG - Fetching images from https://images.footlocker.com/is/image/FLEU/317346343628/?req=set,json&id=317346343628&handler=altset_317346343628 [line:395]
2025-05-27 23:37:57,095 - DEBUG - Fetching images from https://images.footlocker.com/is/image/FLEU/317346343628/?req=set,json&id=317346343628&handler=altset_317346343628 [line:395]
2025-05-27 23:37:57,096 - DEBUG - Fetching images from https://images.footlocker.com/is/image/FLEU/317347094580/?req=set,json&id=317347094580&handler=altset_317347094580 [line:395]
2025-05-27 23:37:57,518 - INFO - Added 13 product urls from https://www.footlocker.co.uk/en/category/men.html?query=%3Arelevance%3Acollection_id%3Aall-men%3AmodelKeywords%3AMelo [line:189]
2025-05-27 23:37:57,520 - INFO - Parsed basic information of 31 product variants from https://www.footlocker.co.uk/en/category/men.html?query=%3Arelevance%3Acollection_id%3Aall-men%3AmodelKeywords%3AMelo [line:196]
2025-05-27 23:37:58,527 - INFO - Scraping men - Campus; fetching query url https://www.footlocker.co.uk/en/category/men.html?query=%3Arelevance%3Acollection_id%3Aall-men%3AmodelKeywords%3ACampus [line:159]
2025-05-27 23:37:59,546 - INFO - Скачано 5 изображений. [line:174]
2025-05-27 23:37:59,846 - DEBUG - Fetching images from https://images.footlocker.com/is/image/FLEU/317347095370/?req=set,json&id=317347095370&handler=altset_317347095370 [line:395]
2025-05-27 23:37:59,846 - DEBUG - Fetching images from https://images.footlocker.com/is/image/FLEU/317346794180/?req=set,json&id=317346794180&handler=altset_317346794180 [line:395]
2025-05-27 23:37:59,848 - DEBUG - Fetching images from https://images.footlocker.com/is/image/FLEU/317365271931/?req=set,json&id=317365271931&handler=altset_317365271931 [line:395]
2025-05-27 23:37:59,848 - DEBUG - Fetching images from https://images.footlocker.com/is/image/FLEU/317366168010/?req=set,json&id=317366168010&handler=altset_317366168010 [line:395]
2025-05-27 23:38:00,393 - INFO - Scraping product page https://www.footlocker.co.uk/en/product/nike-air-max-tl-2-5-menshoes/314217216804.html [line:256]
2025-05-27 23:38:00,393 - INFO - Scraping product page https://www.footlocker.co.uk/en/product/nike-air-max-dn-menshoes/314208225004.html [line:256]
2025-05-27 23:38:00,394 - INFO - Scraping product page https://www.footlocker.co.uk/en/product/nike-air-max-tl-2-5-menshoes/314217215004.html [line:256]
2025-05-27 23:38:00,395 - INFO - Scraping product page https://www.footlocker.co.uk/en/product/nike-air-max-tuned-1-menshoes/314217222604.html [line:256]
2025-05-27 23:38:01,937 - INFO - Скачано 4 изображений. [line:174]
2025-05-27 23:38:01,946 - INFO - Added 12 product urls from https://www.footlocker.co.uk/en/category/men.html?query=%3Arelevance%3Acollection_id%3Aall-men%3AmodelKeywords%3ACampus [line:189]
2025-05-27 23:38:01,948 - INFO - Parsed basic information of 62 product variants from https://www.footlocker.co.uk/en/category/men.html?query=%3Arelevance%3Acollection_id%3Aall-men%3AmodelKeywords%3ACampus [line:196]
2025-05-27 23:38:01,984 - INFO - Скачано 4 изображений. [line:174]
2025-05-27 23:38:02,514 - DEBUG - Fetching images from https://images.footlocker.com/is/image/FLEU/317371158301/?req=set,json&id=317371158301&handler=altset_317371158301 [line:395]
2025-05-27 23:38:02,515 - DEBUG - Fetching images from https://images.footlocker.com/is/image/FLEU/317371159703/?req=set,json&id=317371159703&handler=altset_317371159703 [line:395]
2025-05-27 23:38:02,516 - DEBUG - Fetching images from https://images.footlocker.com/is/image/FLEU/317371230603/?req=set,json&id=317371230603&handler=altset_317371230603 [line:395]
2025-05-27 23:38:02,517 - DEBUG - Fetching images from https://images.footlocker.com/is/image/FLEU/317371231602/?req=set,json&id=317371231602&handler=altset_317371231602 [line:395]
2025-05-27 23:38:02,935 - INFO - Scraping men - GEL-NYC; fetching query url https://www.footlocker.co.uk/en/category/men.html?query=%3Arelevance%3Acollection_id%3Aall-men%3AmodelKeywords%3AGEL-NYC [line:159]
2025-05-27 23:38:03,734 - INFO - Scraping product page https://www.footlocker.co.uk/en/product/nike-air-max-tuned-1-menshoes/314217341404.html [line:256]
2025-05-27 23:38:03,736 - INFO - Scraping product page https://www.footlocker.co.uk/en/product/nike-air-max-tuned-1-utility-menshoes/314208997404.html [line:256]
2025-05-27 23:38:03,736 - INFO - Scraping product page https://www.footlocker.co.uk/en/product/nike-air-max-tuned-1-menshoes/314217343004.html [line:256]
2025-05-27 23:38:03,737 - INFO - Scraping product page https://www.footlocker.co.uk/en/product/nike-air-max-dn-menshoes/314217074104.html [line:256]
2025-05-27 23:38:03,812 - INFO - Скачано 4 изображений. [line:174]
2025-05-27 23:38:06,424 - INFO - Added 12 product urls from https://www.footlocker.co.uk/en/category/men.html?query=%3Arelevance%3Acollection_id%3Aall-men%3AmodelKeywords%3AGEL-NYC [line:189]
2025-05-27 23:38:06,424 - INFO - Parsed basic information of 67 product variants from https://www.footlocker.co.uk/en/category/men.html?query=%3Arelevance%3Acollection_id%3Aall-men%3AmodelKeywords%3AGEL-NYC [line:196]
2025-05-27 23:38:06,593 - DEBUG - Fetching images from https://images.footlocker.com/is/image/FLEU/317371232601/?req=set,json&id=317371232601&handler=altset_317371232601 [line:395]
2025-05-27 23:38:06,594 - DEBUG - Fetching images from https://images.footlocker.com/is/image/FLEU/317371240408/?req=set,json&id=317371240408&handler=altset_317371240408 [line:395]
2025-05-27 23:38:06,595 - DEBUG - Fetching images from https://images.footlocker.com/is/image/FLEU/317371146280/?req=set,json&id=317371146280&handler=altset_317371146280 [line:395]
2025-05-27 23:38:06,596 - DEBUG - Fetching images from https://images.footlocker.com/is/image/FLEU/317371192002/?req=set,json&id=317371192002&handler=altset_317371192002 [line:395]
2025-05-27 23:38:07,139 - INFO - Scraping product page https://www.footlocker.co.uk/en/product/nike-air-max-tuned-1-menshoes/314216769704.html [line:256]
2025-05-27 23:38:07,141 - INFO - Scraping product page https://www.footlocker.co.uk/en/product/nike-air-max-90-drift-menshoes/314217289504.html [line:256]
2025-05-27 23:38:07,141 - INFO - Scraping product page https://www.footlocker.co.uk/en/product/nike-air-max-tuned-1-menshoes/314216768904.html [line:256]
2025-05-27 23:38:07,142 - INFO - Scraping product page https://www.footlocker.co.uk/en/product/nike-air-max-dn-menshoes/314217205104.html [line:256]
2025-05-27 23:38:07,434 - INFO - Scraping men - MVP; fetching query url https://www.footlocker.co.uk/en/category/men.html?query=%3Arelevance%3Acollection_id%3Aall-men%3AmodelKeywords%3AMVP [line:159]
2025-05-27 23:38:07,486 - INFO - Скачано 4 изображений. [line:174]
2025-05-27 23:38:09,514 - INFO - Скачано 5 изображений. [line:174]
2025-05-27 23:38:09,686 - INFO - Скачано 5 изображений. [line:174]
2025-05-27 23:38:10,353 - INFO - Added 3 product urls from https://www.footlocker.co.uk/en/category/men.html?query=%3Arelevance%3Acollection_id%3Aall-men%3AmodelKeywords%3AMVP [line:189]
2025-05-27 23:38:10,354 - INFO - Parsed basic information of 26 product variants from https://www.footlocker.co.uk/en/category/men.html?query=%3Arelevance%3Acollection_id%3Aall-men%3AmodelKeywords%3AMVP [line:196]
2025-05-27 23:38:10,892 - INFO - Scraping product page https://www.footlocker.co.uk/en/product/nike-air-max-tuned-1-menshoes/314217368704.html [line:256]
2025-05-27 23:38:10,893 - INFO - Scraping product page https://www.footlocker.co.uk/en/product/nike-air-max-90-menshoes/314210433604.html [line:256]
2025-05-27 23:38:10,893 - INFO - Scraping product page https://www.footlocker.co.uk/en/product/nike-air-max-1-menshoes/314210166204.html [line:256]
2025-05-27 23:38:10,895 - INFO - Scraping product page https://www.footlocker.co.uk/en/product/nike-air-max-dn8-menshoes/314217213504.html [line:256]
